<?xml version="1.0" encoding="UTF-8"?>
<!-- Generated by org.testng.reporters.JUnitReportReporter -->
<testsuite hostname="DESKTOP-KIS4N2E" failures="0" tests="1" name="sample.NewTest" time="8.919" errors="0" timestamp="2025-04-17T07:43:24 IST" skipped="0">
  <testcase classname="sample.NewTest" name="f" time="8.919"/>
</testsuite> <!-- sample.NewTest -->
