<?xml version="1.0" encoding="UTF-8"?>
<!-- Generated by org.testng.reporters.JUnitReportReporter -->
<testsuite hostname="DESKTOP-S2UQASU" failures="0" tests="1" name="com.coverFox_test.CoverFoxTestUsingTestNG" time="10.006" errors="0" timestamp="2025-04-25T07:10:35 IST" skipped="0">
  <testcase classname="com.coverFox_test.CoverFoxTestUsingTestNG" name="validateCoverFoxPlans" time="10.006">
    <system-out>
      <![CDATA[getting plan number from text
getting plan number from plan cards
Plan number are matching TC is passed
Test validateCoverFoxPlans is success]]>
    </system-out>
  </testcase> <!-- validateCoverFoxPlans -->
  <system-out>
    <![CDATA[reading url from properties file
launching Browser
clicking on gender
clicking on next button of health plan page
reading data from excel
handeling age drop down
clicking On NextButton Of MemberDetails Page
reading data from excel
entering PinCode
reading data from excel
entering mobileNumber
clicking On Continue Button
getting plan number from text
getting plan number from plan cards
Plan number are matching TC is passed
Test validateCoverFoxPlans is success
closing Browser]]>
  </system-out>
</testsuite> <!-- com.coverFox_test.CoverFoxTestUsingTestNG -->
